0 info it worked if it ends with ok
1 verbose cli [ '/usr/bin/nodejs',
1 verbose cli   '/usr/bin/npm',
1 verbose cli   'install',
1 verbose cli   'es6-promise',
1 verbose cli   '-g' ]
2 info using npm@2.15.5
3 info using node@v4.4.5
4 verbose install initial load of /usr/lib/package.json
5 verbose readDependencies loading dependencies from /usr/lib/package.json
6 silly cache add args [ 'es6-promise', null ]
7 verbose cache add spec es6-promise
8 silly cache add parsed spec Result {
8 silly cache add   raw: 'es6-promise',
8 silly cache add   scope: null,
8 silly cache add   name: 'es6-promise',
8 silly cache add   rawSpec: '',
8 silly cache add   spec: 'latest',
8 silly cache add   type: 'tag' }
9 silly addNamed es6-promise@latest
10 verbose addNamed "latest" is being treated as a dist-tag for es6-promise
11 info addNameTag [ 'es6-promise', 'latest' ]
12 silly mapToRegistry name es6-promise
13 silly mapToRegistry using default registry
14 silly mapToRegistry registry https://registry.npmjs.org/
15 silly mapToRegistry data Result {
15 silly mapToRegistry   raw: 'es6-promise',
15 silly mapToRegistry   scope: null,
15 silly mapToRegistry   name: 'es6-promise',
15 silly mapToRegistry   rawSpec: '',
15 silly mapToRegistry   spec: 'latest',
15 silly mapToRegistry   type: 'tag' }
16 silly mapToRegistry uri https://registry.npmjs.org/es6-promise
17 verbose addNameTag registry:https://registry.npmjs.org/es6-promise not in flight; fetching
18 verbose request uri https://registry.npmjs.org/es6-promise
19 verbose request no auth needed
20 info attempt registry request try #1 at 10:19:20
21 verbose request id 13db81f0745b6dec
22 verbose etag "E40O69Q6ZL6IFNNBDM50VBUQ9"
23 http request GET https://registry.npmjs.org/es6-promise
24 http 304 https://registry.npmjs.org/es6-promise
25 verbose headers { date: 'Fri, 30 Sep 2016 13:19:20 GMT',
25 verbose headers   via: '1.1 varnish',
25 verbose headers   'cache-control': 'max-age=300',
25 verbose headers   etag: '"E40O69Q6ZL6IFNNBDM50VBUQ9"',
25 verbose headers   age: '88',
25 verbose headers   connection: 'keep-alive',
25 verbose headers   'x-served-by': 'cache-gru7120-GRU',
25 verbose headers   'x-cache': 'HIT',
25 verbose headers   'x-cache-hits': '4',
25 verbose headers   'x-timer': 'S1475241560.871596,VS0,VE0',
25 verbose headers   vary: 'Accept-Encoding' }
26 silly get cb [ 304,
26 silly get   { date: 'Fri, 30 Sep 2016 13:19:20 GMT',
26 silly get     via: '1.1 varnish',
26 silly get     'cache-control': 'max-age=300',
26 silly get     etag: '"E40O69Q6ZL6IFNNBDM50VBUQ9"',
26 silly get     age: '88',
26 silly get     connection: 'keep-alive',
26 silly get     'x-served-by': 'cache-gru7120-GRU',
26 silly get     'x-cache': 'HIT',
26 silly get     'x-cache-hits': '4',
26 silly get     'x-timer': 'S1475241560.871596,VS0,VE0',
26 silly get     vary: 'Accept-Encoding' } ]
27 verbose etag https://registry.npmjs.org/es6-promise from cache
28 verbose get saving es6-promise to /home/israel/.npm/registry.npmjs.org/es6-promise/.cache.json
29 verbose correctMkdir /home/israel/.npm correctMkdir not in flight; initializing
30 silly addNameTag next cb for es6-promise with tag latest
31 silly addNamed es6-promise@4.0.3
32 verbose addNamed "4.0.3" is a plain semver version for es6-promise
33 silly cache afterAdd es6-promise@4.0.3
34 verbose afterAdd /home/israel/.npm/es6-promise/4.0.3/package/package.json not in flight; writing
35 verbose correctMkdir /home/israel/.npm correctMkdir not in flight; initializing
36 verbose afterAdd /home/israel/.npm/es6-promise/4.0.3/package/package.json written
37 silly install resolved [ { name: 'es6-promise',
37 silly install resolved     namespace: 'es6-promise',
37 silly install resolved     version: '4.0.3',
37 silly install resolved     description: 'A lightweight library that provides tools for organizing asynchronous code',
37 silly install resolved     main: 'dist/es6-promise.js',
37 silly install resolved     typings: 'es6-promise.d.ts',
37 silly install resolved     directories: { lib: 'lib' },
37 silly install resolved     files: [ 'dist', 'lib', 'es6-promise.d.ts', 'auto.js', '!dist/test' ],
37 silly install resolved     devDependencies:
37 silly install resolved      { 'broccoli-babel-transpiler': '^5.6.1',
37 silly install resolved        'broccoli-concat': '^3.0.2',
37 silly install resolved        'broccoli-merge-trees': '^1.1.1',
37 silly install resolved        'broccoli-rollup': '^1.0.2',
37 silly install resolved        'broccoli-stew': '^1.2.0',
37 silly install resolved        'broccoli-uglify-js': '^0.2.0',
37 silly install resolved        'broccoli-watchify': 'v1.0.0',
37 silly install resolved        'ember-cli': '^2.7.0',
37 silly install resolved        'ember-cli-dependency-checker': '^1.3.0',
37 silly install resolved        'ember-publisher': '0.0.7',
37 silly install resolved        'git-repo-version': '0.4.0',
37 silly install resolved        json3: '^3.3.2',
37 silly install resolved        mocha: '^3.1.0',
37 silly install resolved        'promises-aplus-tests-phantom': '^2.1.0-revise',
37 silly install resolved        'release-it': '0.0.10' },
37 silly install resolved     scripts:
37 silly install resolved      { build: 'ember build --environment production',
37 silly install resolved        'build:production': 'ember build --env production',
37 silly install resolved        start: 'ember s',
37 silly install resolved        test: 'ember test',
37 silly install resolved        'test:server': 'ember test --server',
37 silly install resolved        'test:node': 'ember build && mocha ./dist/test/browserify',
37 silly install resolved        prepublish: 'ember build --environment production',
37 silly install resolved        lint: 'jshint lib',
37 silly install resolved        'dry-run-release': 'ember build --environment production && release-it --dry-run --non-interactive' },
37 silly install resolved     repository:
37 silly install resolved      { type: 'git',
37 silly install resolved        url: 'git://github.com/stefanpenner/es6-promise.git' },
37 silly install resolved     bugs: { url: 'https://github.com/stefanpenner/es6-promise/issues' },
37 silly install resolved     browser: { vertx: false },
37 silly install resolved     keywords: [ 'promises', 'futures' ],
37 silly install resolved     author:
37 silly install resolved      { name: 'Yehuda Katz, Tom Dale, Stefan Penner and contributors',
37 silly install resolved        url: 'Conversion to ES6 API by Jake Archibald' },
37 silly install resolved     license: 'MIT',
37 silly install resolved     spm: { main: 'dist/es6-promise.js' },
37 silly install resolved     gitHead: '28cd7ddc76d38795abb0af0387061b1aa00dd31b',
37 silly install resolved     homepage: 'https://github.com/stefanpenner/es6-promise#readme',
37 silly install resolved     _id: 'es6-promise@4.0.3',
37 silly install resolved     _shasum: '0e274af635a861caf3a85ddaa17bf88a780b6a35',
37 silly install resolved     _from: 'es6-promise@latest',
37 silly install resolved     _npmVersion: '3.10.8',
37 silly install resolved     _nodeVersion: '6.6.0',
37 silly install resolved     _npmUser: { name: 'stefanpenner', email: 'stefan.penner@gmail.com' },
37 silly install resolved     dist:
37 silly install resolved      { shasum: '0e274af635a861caf3a85ddaa17bf88a780b6a35',
37 silly install resolved        tarball: 'https://registry.npmjs.org/es6-promise/-/es6-promise-4.0.3.tgz' },
37 silly install resolved     maintainers: [ [Object], [Object] ],
37 silly install resolved     _npmOperationalInternal:
37 silly install resolved      { host: 'packages-12-west.internal.npmjs.com',
37 silly install resolved        tmp: 'tmp/es6-promise-4.0.3.tgz_1474995257880_0.17709654499776661' },
37 silly install resolved     _resolved: 'https://registry.npmjs.org/es6-promise/-/es6-promise-4.0.3.tgz',
37 silly install resolved     readme: 'ERROR: No README data found!' } ]
38 info install es6-promise@4.0.3 into /usr/lib
39 info installOne es6-promise@4.0.3
40 verbose installOne of es6-promise to /usr/lib not in flight; installing
41 verbose correctMkdir /home/israel/.npm/_locks correctMkdir not in flight; initializing
42 verbose lock using /home/israel/.npm/_locks/es6-promise-db6001eca69bbd29.lock for /usr/lib/node_modules/es6-promise
43 silly install write writing es6-promise 4.0.3 to /usr/lib/node_modules/es6-promise
44 verbose unbuild lib/node_modules/es6-promise
45 silly gentlyRm /usr/lib/node_modules/es6-promise is being purged from base /usr
46 verbose gentlyRm don't care about contents; nuking /usr/lib/node_modules/es6-promise
47 verbose tar unpack /home/israel/.npm/es6-promise/4.0.3/package.tgz
48 verbose tar unpacking to /usr/lib/node_modules/es6-promise
49 silly gentlyRm /usr/lib/node_modules/es6-promise is being purged
50 verbose gentlyRm don't care about contents; nuking /usr/lib/node_modules/es6-promise
51 silly gunzTarPerm modes [ '775', '664' ]
52 error tar.unpack untar error /home/israel/.npm/es6-promise/4.0.3/package.tgz
53 verbose unlock done using /home/israel/.npm/_locks/es6-promise-db6001eca69bbd29.lock for /usr/lib/node_modules/es6-promise
54 verbose fstream_path /usr/lib/node_modules/es6-promise
55 verbose fstream_type Directory
56 verbose fstream_class DirWriter
57 verbose stack Error: EACCES: permission denied, mkdir '/usr/lib/node_modules/es6-promise'
57 verbose stack     at Error (native)
58 verbose fstream_stack /usr/lib/node_modules/npm/node_modules/fstream/lib/dir-writer.js:35:25
58 verbose fstream_stack /usr/lib/node_modules/npm/node_modules/mkdirp/index.js:47:53
58 verbose fstream_stack FSReqWrap.oncomplete (fs.js:82:15)
59 verbose cwd /var/www/html/chavesufba/layout/blur-admin
60 error Linux 3.13.0-85-generic
61 error argv "/usr/bin/nodejs" "/usr/bin/npm" "install" "es6-promise" "-g"
62 error node v4.4.5
63 error npm  v2.15.5
64 error path /usr/lib/node_modules/es6-promise
65 error code EACCES
66 error errno -13
67 error syscall mkdir
68 error Error: EACCES: permission denied, mkdir '/usr/lib/node_modules/es6-promise'
68 error     at Error (native)
68 error  { [Error: EACCES: permission denied, mkdir '/usr/lib/node_modules/es6-promise']
68 error   errno: -13,
68 error   code: 'EACCES',
68 error   syscall: 'mkdir',
68 error   path: '/usr/lib/node_modules/es6-promise',
68 error   fstream_type: 'Directory',
68 error   fstream_path: '/usr/lib/node_modules/es6-promise',
68 error   fstream_class: 'DirWriter',
68 error   fstream_stack:
68 error    [ '/usr/lib/node_modules/npm/node_modules/fstream/lib/dir-writer.js:35:25',
68 error      '/usr/lib/node_modules/npm/node_modules/mkdirp/index.js:47:53',
68 error      'FSReqWrap.oncomplete (fs.js:82:15)' ] }
69 error Please try running this command again as root/Administrator.
70 verbose exit [ -13, true ]
71 verbose unbuild lib/node_modules/es6-promise
72 silly gentlyRm /usr/lib/node_modules/es6-promise is being purged from base /usr
73 verbose gentlyRm don't care about contents; nuking /usr/lib/node_modules/es6-promise
